<?xml version="1.0" encoding="UTF-8"?>
<!-- Generated by org.testng.reporters.JUnitReportReporter -->
<testsuite skipped="0" hostname="Mosuds-MBP.home" name="com.web.pages.execution.Test1" tests="1" failures="0" timestamp="2020-07-05T00:00:00 EDT" time="0.006" errors="0">
  <testcase name="m2" time="0.006" classname="com.web.pages.execution.Test1"/>
  <system-out/>
</testsuite> <!-- com.web.pages.execution.Test1 -->
