<?xml version="1.0" encoding="UTF-8"?>
<!-- Generated by org.testng.reporters.JUnitReportReporter -->
<testsuite skipped="0" hostname="Mosuds-MBP.home" name="com.web.pages.execution.TargetPagesExecution" tests="1" failures="0" timestamp="2020-07-05T01:11:07 EDT" time="11.000" errors="0">
  <testcase name="targetAllPageExecution" time="11.000" classname="com.web.pages.execution.TargetPagesExecution"/>
  <system-out/>
</testsuite> <!-- com.web.pages.execution.TargetPagesExecution -->
